781  [INFO ] 2019-04-23 10:48:54 [main] com.example.demo.DemoApplication - Starting DemoApplication on DESKTOP-21NIJ09 with PID 4236 (started by qwe in E:\工作文件存储目录\students)
784  [DEBUG] 2019-04-23 10:48:54 [main] com.example.demo.DemoApplication - Running with Spring Boot v2.1.3.RELEASE, Spring v5.1.5.RELEASE
785  [INFO ] 2019-04-23 10:48:54 [main] com.example.demo.DemoApplication - No active profile set, falling back to default profiles: default
1464 [DEBUG] 2019-04-23 10:48:54 [main] o.m.s.b.a.MybatisAutoConfiguration - Searching for mappers annotated with @Mapper
1464 [DEBUG] 2019-04-23 10:48:54 [main] o.m.s.b.a.MybatisAutoConfiguration - Using auto-configuration base package 'com.example.demo'
1469 [DEBUG] 2019-04-23 10:48:54 [main] org.apache.ibatis.logging.LogFactory - Logging initialized using 'class org.apache.ibatis.logging.slf4j.Slf4jImpl' adapter.
1474 [DEBUG] 2019-04-23 10:48:54 [main] o.m.s.mapper.ClassPathMapperScanner - Identified candidate component class: file [E:\工作文件存储目录\students\target\classes\com\example\demo\mapper\CourseMapper.class]
1474 [DEBUG] 2019-04-23 10:48:54 [main] o.m.s.mapper.ClassPathMapperScanner - Identified candidate component class: file [E:\工作文件存储目录\students\target\classes\com\example\demo\mapper\StudentMapper.class]
1474 [DEBUG] 2019-04-23 10:48:54 [main] o.m.s.mapper.ClassPathMapperScanner - Identified candidate component class: file [E:\工作文件存储目录\students\target\classes\com\example\demo\mapper\TeacherMapper.class]
1474 [DEBUG] 2019-04-23 10:48:54 [main] o.m.s.mapper.ClassPathMapperScanner - Identified candidate component class: file [E:\工作文件存储目录\students\target\classes\com\example\demo\mapper\UserMapper.class]
1474 [DEBUG] 2019-04-23 10:48:54 [main] o.m.s.mapper.ClassPathMapperScanner - Creating MapperFactoryBean with name 'courseMapper' and 'com.example.demo.mapper.CourseMapper' mapperInterface
1475 [DEBUG] 2019-04-23 10:48:54 [main] o.m.s.mapper.ClassPathMapperScanner - Enabling autowire by type for MapperFactoryBean with name 'courseMapper'.
1475 [DEBUG] 2019-04-23 10:48:54 [main] o.m.s.mapper.ClassPathMapperScanner - Creating MapperFactoryBean with name 'studentMapper' and 'com.example.demo.mapper.StudentMapper' mapperInterface
1475 [DEBUG] 2019-04-23 10:48:54 [main] o.m.s.mapper.ClassPathMapperScanner - Enabling autowire by type for MapperFactoryBean with name 'studentMapper'.
1475 [DEBUG] 2019-04-23 10:48:54 [main] o.m.s.mapper.ClassPathMapperScanner - Creating MapperFactoryBean with name 'teacherMapper' and 'com.example.demo.mapper.TeacherMapper' mapperInterface
1475 [DEBUG] 2019-04-23 10:48:54 [main] o.m.s.mapper.ClassPathMapperScanner - Enabling autowire by type for MapperFactoryBean with name 'teacherMapper'.
1475 [DEBUG] 2019-04-23 10:48:54 [main] o.m.s.mapper.ClassPathMapperScanner - Creating MapperFactoryBean with name 'userMapper' and 'com.example.demo.mapper.UserMapper' mapperInterface
1475 [DEBUG] 2019-04-23 10:48:54 [main] o.m.s.mapper.ClassPathMapperScanner - Enabling autowire by type for MapperFactoryBean with name 'userMapper'.
2068 [INFO ] 2019-04-23 10:48:55 [main] o.s.b.w.e.tomcat.TomcatWebServer - Tomcat initialized with port(s): 8888 (http)
2081 [INFO ] 2019-04-23 10:48:55 [main] o.a.coyote.http11.Http11NioProtocol - Initializing ProtocolHandler ["http-nio-8888"]
2087 [INFO ] 2019-04-23 10:48:55 [main] o.a.catalina.core.StandardService - Starting service [Tomcat]
2088 [INFO ] 2019-04-23 10:48:55 [main] o.a.catalina.core.StandardEngine - Starting Servlet engine: [Apache Tomcat/9.0.16]
2093 [INFO ] 2019-04-23 10:48:55 [main] o.a.c.core.AprLifecycleListener - The APR based Apache Tomcat Native library which allows optimal performance in production environments was not found on the java.library.path: [D:\Program Files\Java\jdk1.8.0_201\bin;C:\WINDOWS\Sun\Java\bin;C:\WINDOWS\system32;C:\WINDOWS;C:\Program Files (x86)\Common Files\Oracle\Java\javapath;C:\WINDOWS\system32;C:\WINDOWS;C:\WINDOWS\System32\Wbem;C:\WINDOWS\System32\WindowsPowerShell\v1.0\;";D:\Program Files\python\Pycharm 2018.3.5\jre64\\bin;D:\Program Files\python\Pycharm 2018.3.5\jre64\\jre\bin";D:\Program Files\Java\apache-maven-3.5.4\bin;D:\Program Files\Java\apache-tomcat-8.5.38\lib;D:\Program Files\Java\apache-tomcat-8.5.38\bin;D:\Program Files\Java\Git\cmd;C:\Program Files (x86)\Rational\common;C:\WINDOWS\System32\OpenSSH\;D:\Program Files\python\Scripts\;D:\Program Files\python\;C:\Users\qwe\AppData\Local\Microsoft\WindowsApps;C:\Program Files\JetBrains\IntelliJ IDEA 2018.3.5\bin;D:\Program Files\python\PyCharm 2018.3.5\bin;D:\BaiduNetdisk\Fiddler;%USERPROFILE%\AppData\Local\Microsoft\WindowsApps;.]
2231 [INFO ] 2019-04-23 10:48:55 [main] o.a.c.c.C.[Tomcat].[localhost].[/] - Initializing Spring embedded WebApplicationContext
2231 [INFO ] 2019-04-23 10:48:55 [main] o.s.web.context.ContextLoader - Root WebApplicationContext: initialization completed in 1370 ms
2376 [DEBUG] 2019-04-23 10:48:55 [main] org.apache.ibatis.io.VFS - Using VFS adapter org.mybatis.spring.boot.autoconfigure.SpringBootVFS
2378 [DEBUG] 2019-04-23 10:48:55 [main] org.apache.ibatis.io.ResolverUtil - Checking to see if class com.example.demo.entity.ChooseCourse matches criteria [is assignable to Object]
2378 [DEBUG] 2019-04-23 10:48:55 [main] org.apache.ibatis.io.ResolverUtil - Checking to see if class com.example.demo.entity.Course matches criteria [is assignable to Object]
2378 [DEBUG] 2019-04-23 10:48:55 [main] org.apache.ibatis.io.ResolverUtil - Checking to see if class com.example.demo.entity.Student matches criteria [is assignable to Object]
2378 [DEBUG] 2019-04-23 10:48:55 [main] org.apache.ibatis.io.ResolverUtil - Checking to see if class com.example.demo.entity.Teacher matches criteria [is assignable to Object]
2378 [DEBUG] 2019-04-23 10:48:55 [main] org.apache.ibatis.io.ResolverUtil - Checking to see if class com.example.demo.entity.TeacherSeeCourseList matches criteria [is assignable to Object]
2378 [DEBUG] 2019-04-23 10:48:55 [main] org.apache.ibatis.io.ResolverUtil - Checking to see if class com.example.demo.entity.User matches criteria [is assignable to Object]
2379 [DEBUG] 2019-04-23 10:48:55 [main] org.apache.ibatis.io.ResolverUtil - Checking to see if class com.example.demo.entity.adminSeeStudentChooseCourseMsg matches criteria [is assignable to Object]
2379 [DEBUG] 2019-04-23 10:48:55 [main] o.m.spring.SqlSessionFactoryBean - Scanned package: 'com.example.demo.entity' for aliases
2513 [DEBUG] 2019-04-23 10:48:55 [main] o.m.spring.SqlSessionFactoryBean - Parsed mapper file: 'file [E:\工作文件存储目录\students\target\classes\mapper\CourseMapper.xml]'
2549 [DEBUG] 2019-04-23 10:48:55 [main] o.m.spring.SqlSessionFactoryBean - Parsed mapper file: 'file [E:\工作文件存储目录\students\target\classes\mapper\StudentMapper.xml]'
2570 [DEBUG] 2019-04-23 10:48:55 [main] o.m.spring.SqlSessionFactoryBean - Parsed mapper file: 'file [E:\工作文件存储目录\students\target\classes\mapper\TeacherMapper.xml]'
2593 [DEBUG] 2019-04-23 10:48:55 [main] o.m.spring.SqlSessionFactoryBean - Parsed mapper file: 'file [E:\工作文件存储目录\students\target\classes\mapper\UserMapper.xml]'
2767 [INFO ] 2019-04-23 10:48:56 [main] o.s.s.c.ThreadPoolTaskExecutor - Initializing ExecutorService 'applicationTaskExecutor'
2861 [DEBUG] 2019-04-23 10:48:56 [main] o.m.s.b.a.MybatisAutoConfiguration - No org.mybatis.spring.mapper.MapperFactoryBean found.
2950 [INFO ] 2019-04-23 10:48:56 [main] o.a.coyote.http11.Http11NioProtocol - Starting ProtocolHandler ["http-nio-8888"]
2967 [INFO ] 2019-04-23 10:48:56 [main] o.s.b.w.e.tomcat.TomcatWebServer - Tomcat started on port(s): 8888 (http) with context path ''
2969 [INFO ] 2019-04-23 10:48:56 [main] com.example.demo.DemoApplication - Started DemoApplication in 2.78 seconds (JVM running for 4.628)
20448 [INFO ] 2019-04-23 10:49:13 [http-nio-8888-exec-1] o.a.c.c.C.[Tomcat].[localhost].[/] - Initializing Spring DispatcherServlet 'dispatcherServlet'
20448 [INFO ] 2019-04-23 10:49:13 [http-nio-8888-exec-1] o.s.web.servlet.DispatcherServlet - Initializing Servlet 'dispatcherServlet'
20453 [INFO ] 2019-04-23 10:49:13 [http-nio-8888-exec-1] o.s.web.servlet.DispatcherServlet - Completed initialization in 5 ms
35393 [DEBUG] 2019-04-23 10:49:28 [http-nio-8888-exec-7] org.mybatis.spring.SqlSessionUtils - Creating a new SqlSession
35397 [DEBUG] 2019-04-23 10:49:28 [http-nio-8888-exec-7] org.mybatis.spring.SqlSessionUtils - SqlSession [org.apache.ibatis.session.defaults.DefaultSqlSession@25a23b00] was not registered for synchronization because synchronization is not active
35404 [INFO ] 2019-04-23 10:49:28 [http-nio-8888-exec-7] com.zaxxer.hikari.HikariDataSource - HikariPool-1 - Starting...
35784 [INFO ] 2019-04-23 10:49:29 [http-nio-8888-exec-7] com.zaxxer.hikari.HikariDataSource - HikariPool-1 - Start completed.
35786 [DEBUG] 2019-04-23 10:49:29 [http-nio-8888-exec-7] o.m.s.t.SpringManagedTransaction - JDBC Connection [HikariProxyConnection@474859368 wrapping com.mysql.cj.jdbc.ConnectionImpl@47d07158] will not be managed by Spring
35790 [DEBUG] 2019-04-23 10:49:29 [http-nio-8888-exec-7] c.e.demo.mapper.UserMapper.login - ==>  Preparing: select * from user where user_name=? and user_status=0 and user_access=? 
35807 [DEBUG] 2019-04-23 10:49:29 [http-nio-8888-exec-7] c.e.demo.mapper.UserMapper.login - ==> Parameters: ssk(String), 管理员(String)
35872 [DEBUG] 2019-04-23 10:49:29 [http-nio-8888-exec-7] c.e.demo.mapper.UserMapper.login - <==      Total: 1
35874 [DEBUG] 2019-04-23 10:49:29 [http-nio-8888-exec-7] org.mybatis.spring.SqlSessionUtils - Closing non transactional SqlSession [org.apache.ibatis.session.defaults.DefaultSqlSession@25a23b00]
42804 [DEBUG] 2019-04-23 10:49:36 [http-nio-8888-exec-3] org.mybatis.spring.SqlSessionUtils - Creating a new SqlSession
42804 [DEBUG] 2019-04-23 10:49:36 [http-nio-8888-exec-3] org.mybatis.spring.SqlSessionUtils - SqlSession [org.apache.ibatis.session.defaults.DefaultSqlSession@69209178] was not registered for synchronization because synchronization is not active
42805 [DEBUG] 2019-04-23 10:49:36 [http-nio-8888-exec-3] o.m.s.t.SpringManagedTransaction - JDBC Connection [HikariProxyConnection@469792917 wrapping com.mysql.cj.jdbc.ConnectionImpl@47d07158] will not be managed by Spring
42805 [DEBUG] 2019-04-23 10:49:36 [http-nio-8888-exec-3] c.e.d.m.C.adminSeeStudentChooseCourseMsg - ==>  Preparing: select s.student_name,t.teacher_name,c.course_name,ch.choose_time,c.max_student_number,c.course_student_number from student s left join choose_course ch on ch.choose_student_name = s.student_name left join course c on ch.choose_course_id = c.id left join teacher t on t.id = c.teacher_id group by ch.choose_course_id,s.student_name,ch.choose_time 
42805 [DEBUG] 2019-04-23 10:49:36 [http-nio-8888-exec-3] c.e.d.m.C.adminSeeStudentChooseCourseMsg - ==> Parameters: 
42838 [DEBUG] 2019-04-23 10:49:36 [http-nio-8888-exec-3] c.e.d.m.C.adminSeeStudentChooseCourseMsg - <==      Total: 22
42838 [DEBUG] 2019-04-23 10:49:36 [http-nio-8888-exec-3] org.mybatis.spring.SqlSessionUtils - Closing non transactional SqlSession [org.apache.ibatis.session.defaults.DefaultSqlSession@69209178]
1032 [INFO ] 2019-12-18 14:53:14 [main] com.example.demo.DemoApplication - Starting DemoApplication on DESKTOP-S9T7PJP with PID 36724 (C:\Users\DeHaoWang\Downloads\studentChooseCourse-master\studentChooseCourse-master\target\classes started by DeHaoWang in C:\Users\DeHaoWang\Downloads\studentChooseCourse-master\studentChooseCourse-master)
1037 [DEBUG] 2019-12-18 14:53:14 [main] com.example.demo.DemoApplication - Running with Spring Boot v2.1.3.RELEASE, Spring v5.1.5.RELEASE
1038 [INFO ] 2019-12-18 14:53:14 [main] com.example.demo.DemoApplication - No active profile set, falling back to default profiles: default
2617 [DEBUG] 2019-12-18 14:53:16 [main] o.m.s.b.a.MybatisAutoConfiguration - Searching for mappers annotated with @Mapper
2618 [DEBUG] 2019-12-18 14:53:16 [main] o.m.s.b.a.MybatisAutoConfiguration - Using auto-configuration base package 'com.example.demo'
2626 [DEBUG] 2019-12-18 14:53:16 [main] org.apache.ibatis.logging.LogFactory - Logging initialized using 'class org.apache.ibatis.logging.slf4j.Slf4jImpl' adapter.
2634 [DEBUG] 2019-12-18 14:53:16 [main] o.m.s.mapper.ClassPathMapperScanner - Identified candidate component class: file [C:\Users\DeHaoWang\Downloads\studentChooseCourse-master\studentChooseCourse-master\target\classes\com\example\demo\mapper\CourseMapper.class]
2634 [DEBUG] 2019-12-18 14:53:16 [main] o.m.s.mapper.ClassPathMapperScanner - Identified candidate component class: file [C:\Users\DeHaoWang\Downloads\studentChooseCourse-master\studentChooseCourse-master\target\classes\com\example\demo\mapper\StudentMapper.class]
2634 [DEBUG] 2019-12-18 14:53:16 [main] o.m.s.mapper.ClassPathMapperScanner - Identified candidate component class: file [C:\Users\DeHaoWang\Downloads\studentChooseCourse-master\studentChooseCourse-master\target\classes\com\example\demo\mapper\TeacherMapper.class]
2634 [DEBUG] 2019-12-18 14:53:16 [main] o.m.s.mapper.ClassPathMapperScanner - Identified candidate component class: file [C:\Users\DeHaoWang\Downloads\studentChooseCourse-master\studentChooseCourse-master\target\classes\com\example\demo\mapper\UserMapper.class]
2636 [DEBUG] 2019-12-18 14:53:16 [main] o.m.s.mapper.ClassPathMapperScanner - Creating MapperFactoryBean with name 'courseMapper' and 'com.example.demo.mapper.CourseMapper' mapperInterface
2637 [DEBUG] 2019-12-18 14:53:16 [main] o.m.s.mapper.ClassPathMapperScanner - Enabling autowire by type for MapperFactoryBean with name 'courseMapper'.
2637 [DEBUG] 2019-12-18 14:53:16 [main] o.m.s.mapper.ClassPathMapperScanner - Creating MapperFactoryBean with name 'studentMapper' and 'com.example.demo.mapper.StudentMapper' mapperInterface
2637 [DEBUG] 2019-12-18 14:53:16 [main] o.m.s.mapper.ClassPathMapperScanner - Enabling autowire by type for MapperFactoryBean with name 'studentMapper'.
2637 [DEBUG] 2019-12-18 14:53:16 [main] o.m.s.mapper.ClassPathMapperScanner - Creating MapperFactoryBean with name 'teacherMapper' and 'com.example.demo.mapper.TeacherMapper' mapperInterface
2637 [DEBUG] 2019-12-18 14:53:16 [main] o.m.s.mapper.ClassPathMapperScanner - Enabling autowire by type for MapperFactoryBean with name 'teacherMapper'.
2637 [DEBUG] 2019-12-18 14:53:16 [main] o.m.s.mapper.ClassPathMapperScanner - Creating MapperFactoryBean with name 'userMapper' and 'com.example.demo.mapper.UserMapper' mapperInterface
2637 [DEBUG] 2019-12-18 14:53:16 [main] o.m.s.mapper.ClassPathMapperScanner - Enabling autowire by type for MapperFactoryBean with name 'userMapper'.
3549 [INFO ] 2019-12-18 14:53:17 [main] o.s.b.w.e.tomcat.TomcatWebServer - Tomcat initialized with port(s): 8888 (http)
3570 [INFO ] 2019-12-18 14:53:17 [main] o.a.coyote.http11.Http11NioProtocol - Initializing ProtocolHandler ["http-nio-8888"]
3581 [INFO ] 2019-12-18 14:53:17 [main] o.a.catalina.core.StandardService - Starting service [Tomcat]
3582 [INFO ] 2019-12-18 14:53:17 [main] o.a.catalina.core.StandardEngine - Starting Servlet engine: [Apache Tomcat/9.0.16]
3589 [INFO ] 2019-12-18 14:53:17 [main] o.a.c.core.AprLifecycleListener - The APR based Apache Tomcat Native library which allows optimal performance in production environments was not found on the java.library.path: [C:\Program Files\Java\jre1.8.0_151\bin;C:\WINDOWS\Sun\Java\bin;C:\WINDOWS\system32;C:\WINDOWS;C:/Program Files/Java/jre1.8.0_151/bin/server;C:/Program Files/Java/jre1.8.0_151/bin;C:/Program Files/Java/jre1.8.0_151/lib/amd64;C:\ProgramData\Oracle\Java\javapath;C:\WINDOWS\system32;C:\WINDOWS;C:\WINDOWS\System32\Wbem;C:\WINDOWS\System32\WindowsPowerShell\v1.0\;C:\WINDOWS\System32\OpenSSH\;C:\Program Files\Java\jdk1.8.0_151\bin;C:\Program Files\Java\jdk1.8.0_151\jre\bin;C:\Program Files\Intel\WiFi\bin\;C:\Program Files\Common Files\Intel\WirelessCommon\;C:\Program Files (x86)\Intel\Intel(R) Management Engine Components\DAL;C:\Program Files\Intel\Intel(R) Management Engine Components\DAL;C:\Program Files\nodejs\;C:\derbyDriver\db-derby-10.14.1.0-bin\bin;C:\Program Files\Git\cmd;C:\Program Files\CrashPlan\jre\bin\server\;C:\Program Files\CrashPlan\jre\bin\;C:\Users\DeHaoWang\AppData\Local\Microsoft\WindowsApps;C:\Program Files\Intel\WiFi\bin\;C:\Program Files\Common Files\Intel\WirelessCommon\;C:\Users\DeHaoWang\AppData\Roaming\npm;C:\Users\DeHaoWang\Downloads\eclipse-jee-2019-06-R-win32-x86_64\eclipse;;.]
3716 [INFO ] 2019-12-18 14:53:17 [main] o.a.c.c.C.[Tomcat].[localhost].[/] - Initializing Spring embedded WebApplicationContext
3716 [INFO ] 2019-12-18 14:53:17 [main] o.s.web.context.ContextLoader - Root WebApplicationContext: initialization completed in 2596 ms
3948 [DEBUG] 2019-12-18 14:53:17 [main] org.apache.ibatis.io.VFS - Using VFS adapter org.mybatis.spring.boot.autoconfigure.SpringBootVFS
3951 [DEBUG] 2019-12-18 14:53:17 [main] org.apache.ibatis.io.ResolverUtil - Checking to see if class com.example.demo.entity.ChooseCourse matches criteria [is assignable to Object]
3952 [DEBUG] 2019-12-18 14:53:17 [main] org.apache.ibatis.io.ResolverUtil - Checking to see if class com.example.demo.entity.Course matches criteria [is assignable to Object]
3952 [DEBUG] 2019-12-18 14:53:17 [main] org.apache.ibatis.io.ResolverUtil - Checking to see if class com.example.demo.entity.Student matches criteria [is assignable to Object]
3952 [DEBUG] 2019-12-18 14:53:17 [main] org.apache.ibatis.io.ResolverUtil - Checking to see if class com.example.demo.entity.Teacher matches criteria [is assignable to Object]
3952 [DEBUG] 2019-12-18 14:53:17 [main] org.apache.ibatis.io.ResolverUtil - Checking to see if class com.example.demo.entity.TeacherSeeCourseList matches criteria [is assignable to Object]
3953 [DEBUG] 2019-12-18 14:53:17 [main] org.apache.ibatis.io.ResolverUtil - Checking to see if class com.example.demo.entity.User matches criteria [is assignable to Object]
3953 [DEBUG] 2019-12-18 14:53:17 [main] org.apache.ibatis.io.ResolverUtil - Checking to see if class com.example.demo.entity.adminSeeStudentChooseCourseMsg matches criteria [is assignable to Object]
3955 [DEBUG] 2019-12-18 14:53:17 [main] o.m.spring.SqlSessionFactoryBean - Scanned package: 'com.example.demo.entity' for aliases
4126 [DEBUG] 2019-12-18 14:53:17 [main] o.m.spring.SqlSessionFactoryBean - Parsed mapper file: 'file [C:\Users\DeHaoWang\Downloads\studentChooseCourse-master\studentChooseCourse-master\target\classes\mapper\CourseMapper.xml]'
4148 [DEBUG] 2019-12-18 14:53:17 [main] o.m.spring.SqlSessionFactoryBean - Parsed mapper file: 'file [C:\Users\DeHaoWang\Downloads\studentChooseCourse-master\studentChooseCourse-master\target\classes\mapper\StudentMapper.xml]'
4162 [DEBUG] 2019-12-18 14:53:17 [main] o.m.spring.SqlSessionFactoryBean - Parsed mapper file: 'file [C:\Users\DeHaoWang\Downloads\studentChooseCourse-master\studentChooseCourse-master\target\classes\mapper\TeacherMapper.xml]'
4183 [DEBUG] 2019-12-18 14:53:17 [main] o.m.spring.SqlSessionFactoryBean - Parsed mapper file: 'file [C:\Users\DeHaoWang\Downloads\studentChooseCourse-master\studentChooseCourse-master\target\classes\mapper\UserMapper.xml]'
4558 [INFO ] 2019-12-18 14:53:18 [main] o.s.s.c.ThreadPoolTaskExecutor - Initializing ExecutorService 'applicationTaskExecutor'
4719 [DEBUG] 2019-12-18 14:53:18 [main] o.m.s.b.a.MybatisAutoConfiguration - No org.mybatis.spring.mapper.MapperFactoryBean found.
4851 [INFO ] 2019-12-18 14:53:18 [main] o.a.coyote.http11.Http11NioProtocol - Starting ProtocolHandler ["http-nio-8888"]
4901 [INFO ] 2019-12-18 14:53:18 [main] o.s.b.w.e.tomcat.TomcatWebServer - Tomcat started on port(s): 8888 (http) with context path ''
4907 [INFO ] 2019-12-18 14:53:18 [main] com.example.demo.DemoApplication - Started DemoApplication in 4.677 seconds (JVM running for 6.352)
118558 [INFO ] 2019-12-18 14:55:12 [http-nio-8888-exec-1] o.a.c.c.C.[Tomcat].[localhost].[/] - Initializing Spring DispatcherServlet 'dispatcherServlet'
118558 [INFO ] 2019-12-18 14:55:12 [http-nio-8888-exec-1] o.s.web.servlet.DispatcherServlet - Initializing Servlet 'dispatcherServlet'
118568 [INFO ] 2019-12-18 14:55:12 [http-nio-8888-exec-1] o.s.web.servlet.DispatcherServlet - Completed initialization in 10 ms
293415 [DEBUG] 2019-12-18 14:58:06 [http-nio-8888-exec-7] org.mybatis.spring.SqlSessionUtils - Creating a new SqlSession
293423 [DEBUG] 2019-12-18 14:58:06 [http-nio-8888-exec-7] org.mybatis.spring.SqlSessionUtils - SqlSession [org.apache.ibatis.session.defaults.DefaultSqlSession@7b46a6b3] was not registered for synchronization because synchronization is not active
293436 [INFO ] 2019-12-18 14:58:06 [http-nio-8888-exec-7] com.zaxxer.hikari.HikariDataSource - HikariPool-1 - Starting...
298558 [ERROR] 2019-12-18 14:58:12 [http-nio-8888-exec-7] com.zaxxer.hikari.pool.HikariPool - HikariPool-1 - Exception during pool initialization.
com.mysql.cj.jdbc.exceptions.CommunicationsException: Communications link failure

The last packet sent successfully to the server was 0 milliseconds ago. The driver has not received any packets from the server.
	at com.mysql.cj.jdbc.exceptions.SQLError.createCommunicationsException(SQLError.java:174)
	at com.mysql.cj.jdbc.exceptions.SQLExceptionsMapping.translateException(SQLExceptionsMapping.java:64)
	at com.mysql.cj.jdbc.ConnectionImpl.createNewIO(ConnectionImpl.java:835)
	at com.mysql.cj.jdbc.ConnectionImpl.<init>(ConnectionImpl.java:455)
	at com.mysql.cj.jdbc.ConnectionImpl.getInstance(ConnectionImpl.java:240)
	at com.mysql.cj.jdbc.NonRegisteringDriver.connect(NonRegisteringDriver.java:199)
	at com.zaxxer.hikari.util.DriverDataSource.getConnection(DriverDataSource.java:136)
	at com.zaxxer.hikari.pool.PoolBase.newConnection(PoolBase.java:369)
	at com.zaxxer.hikari.pool.PoolBase.newPoolEntry(PoolBase.java:198)
	at com.zaxxer.hikari.pool.HikariPool.createPoolEntry(HikariPool.java:467)
	at com.zaxxer.hikari.pool.HikariPool.checkFailFast(HikariPool.java:541)
	at com.zaxxer.hikari.pool.HikariPool.<init>(HikariPool.java:115)
	at com.zaxxer.hikari.HikariDataSource.getConnection(HikariDataSource.java:112)
	at org.springframework.jdbc.datasource.DataSourceUtils.fetchConnection(DataSourceUtils.java:157)
	at org.springframework.jdbc.datasource.DataSourceUtils.doGetConnection(DataSourceUtils.java:115)
	at org.springframework.jdbc.datasource.DataSourceUtils.getConnection(DataSourceUtils.java:78)
	at org.mybatis.spring.transaction.SpringManagedTransaction.openConnection(SpringManagedTransaction.java:82)
	at org.mybatis.spring.transaction.SpringManagedTransaction.getConnection(SpringManagedTransaction.java:68)
	at org.apache.ibatis.executor.BaseExecutor.getConnection(BaseExecutor.java:336)
	at org.apache.ibatis.executor.SimpleExecutor.prepareStatement(SimpleExecutor.java:85)
	at org.apache.ibatis.executor.SimpleExecutor.doQuery(SimpleExecutor.java:62)
	at org.apache.ibatis.executor.BaseExecutor.queryFromDatabase(BaseExecutor.java:324)
	at org.apache.ibatis.executor.BaseExecutor.query(BaseExecutor.java:156)
	at org.apache.ibatis.executor.CachingExecutor.query(CachingExecutor.java:109)
	at org.apache.ibatis.executor.CachingExecutor.query(CachingExecutor.java:83)
	at org.apache.ibatis.session.defaults.DefaultSqlSession.selectList(DefaultSqlSession.java:148)
	at org.apache.ibatis.session.defaults.DefaultSqlSession.selectList(DefaultSqlSession.java:141)
	at org.apache.ibatis.session.defaults.DefaultSqlSession.selectOne(DefaultSqlSession.java:77)
	at sun.reflect.NativeMethodAccessorImpl.invoke0(Native Method)
	at sun.reflect.NativeMethodAccessorImpl.invoke(Unknown Source)
	at sun.reflect.DelegatingMethodAccessorImpl.invoke(Unknown Source)
	at java.lang.reflect.Method.invoke(Unknown Source)
	at org.mybatis.spring.SqlSessionTemplate$SqlSessionInterceptor.invoke(SqlSessionTemplate.java:433)
	at com.sun.proxy.$Proxy58.selectOne(Unknown Source)
	at org.mybatis.spring.SqlSessionTemplate.selectOne(SqlSessionTemplate.java:166)
	at org.apache.ibatis.binding.MapperMethod.execute(MapperMethod.java:84)
	at org.apache.ibatis.binding.MapperProxy.invoke(MapperProxy.java:58)
	at com.sun.proxy.$Proxy66.login(Unknown Source)
	at com.example.demo.service.UserServiceImpl.login(UserServiceImpl.java:29)
	at com.example.demo.controller.UserController.login(UserController.java:58)
	at sun.reflect.NativeMethodAccessorImpl.invoke0(Native Method)
	at sun.reflect.NativeMethodAccessorImpl.invoke(Unknown Source)
	at sun.reflect.DelegatingMethodAccessorImpl.invoke(Unknown Source)
	at java.lang.reflect.Method.invoke(Unknown Source)
	at org.springframework.web.method.support.InvocableHandlerMethod.doInvoke(InvocableHandlerMethod.java:189)
	at org.springframework.web.method.support.InvocableHandlerMethod.invokeForRequest(InvocableHandlerMethod.java:138)
	at org.springframework.web.servlet.mvc.method.annotation.ServletInvocableHandlerMethod.invokeAndHandle(ServletInvocableHandlerMethod.java:102)
	at org.springframework.web.servlet.mvc.method.annotation.RequestMappingHandlerAdapter.invokeHandlerMethod(RequestMappingHandlerAdapter.java:895)
	at org.springframework.web.servlet.mvc.method.annotation.RequestMappingHandlerAdapter.handleInternal(RequestMappingHandlerAdapter.java:800)
	at org.springframework.web.servlet.mvc.method.AbstractHandlerMethodAdapter.handle(AbstractHandlerMethodAdapter.java:87)
	at org.springframework.web.servlet.DispatcherServlet.doDispatch(DispatcherServlet.java:1038)
	at org.springframework.web.servlet.DispatcherServlet.doService(DispatcherServlet.java:942)
	at org.springframework.web.servlet.FrameworkServlet.processRequest(FrameworkServlet.java:1005)
	at org.springframework.web.servlet.FrameworkServlet.doPost(FrameworkServlet.java:908)
	at javax.servlet.http.HttpServlet.service(HttpServlet.java:660)
	at org.springframework.web.servlet.FrameworkServlet.service(FrameworkServlet.java:882)
	at javax.servlet.http.HttpServlet.service(HttpServlet.java:741)
	at org.apache.catalina.core.ApplicationFilterChain.internalDoFilter(ApplicationFilterChain.java:231)
	at org.apache.catalina.core.ApplicationFilterChain.doFilter(ApplicationFilterChain.java:166)
	at org.apache.tomcat.websocket.server.WsFilter.doFilter(WsFilter.java:53)
	at org.apache.catalina.core.ApplicationFilterChain.internalDoFilter(ApplicationFilterChain.java:193)
	at org.apache.catalina.core.ApplicationFilterChain.doFilter(ApplicationFilterChain.java:166)
	at org.springframework.web.filter.RequestContextFilter.doFilterInternal(RequestContextFilter.java:99)
	at org.springframework.web.filter.OncePerRequestFilter.doFilter(OncePerRequestFilter.java:107)
	at org.apache.catalina.core.ApplicationFilterChain.internalDoFilter(ApplicationFilterChain.java:193)
	at org.apache.catalina.core.ApplicationFilterChain.doFilter(ApplicationFilterChain.java:166)
	at org.springframework.web.filter.FormContentFilter.doFilterInternal(FormContentFilter.java:92)
	at org.springframework.web.filter.OncePerRequestFilter.doFilter(OncePerRequestFilter.java:107)
	at org.apache.catalina.core.ApplicationFilterChain.internalDoFilter(ApplicationFilterChain.java:193)
	at org.apache.catalina.core.ApplicationFilterChain.doFilter(ApplicationFilterChain.java:166)
	at org.springframework.web.filter.HiddenHttpMethodFilter.doFilterInternal(HiddenHttpMethodFilter.java:93)
	at org.springframework.web.filter.OncePerRequestFilter.doFilter(OncePerRequestFilter.java:107)
	at org.apache.catalina.core.ApplicationFilterChain.internalDoFilter(ApplicationFilterChain.java:193)
	at org.apache.catalina.core.ApplicationFilterChain.doFilter(ApplicationFilterChain.java:166)
	at org.springframework.web.filter.CharacterEncodingFilter.doFilterInternal(CharacterEncodingFilter.java:200)
	at org.springframework.web.filter.OncePerRequestFilter.doFilter(OncePerRequestFilter.java:107)
	at org.apache.catalina.core.ApplicationFilterChain.internalDoFilter(ApplicationFilterChain.java:193)
	at org.apache.catalina.core.ApplicationFilterChain.doFilter(ApplicationFilterChain.java:166)
	at org.apache.catalina.core.StandardWrapperValve.invoke(StandardWrapperValve.java:200)
	at org.apache.catalina.core.StandardContextValve.invoke(StandardContextValve.java:96)
	at org.apache.catalina.authenticator.AuthenticatorBase.invoke(AuthenticatorBase.java:490)
	at org.apache.catalina.core.StandardHostValve.invoke(StandardHostValve.java:139)
	at org.apache.catalina.valves.ErrorReportValve.invoke(ErrorReportValve.java:92)
	at org.apache.catalina.core.StandardEngineValve.invoke(StandardEngineValve.java:74)
	at org.apache.catalina.valves.RemoteIpValve.invoke(RemoteIpValve.java:679)
	at org.apache.catalina.connector.CoyoteAdapter.service(CoyoteAdapter.java:343)
	at org.apache.coyote.http11.Http11Processor.service(Http11Processor.java:408)
	at org.apache.coyote.AbstractProcessorLight.process(AbstractProcessorLight.java:66)
	at org.apache.coyote.AbstractProtocol$ConnectionHandler.process(AbstractProtocol.java:834)
	at org.apache.tomcat.util.net.NioEndpoint$SocketProcessor.doRun(NioEndpoint.java:1415)
	at org.apache.tomcat.util.net.SocketProcessorBase.run(SocketProcessorBase.java:49)
	at java.util.concurrent.ThreadPoolExecutor.runWorker(Unknown Source)
	at java.util.concurrent.ThreadPoolExecutor$Worker.run(Unknown Source)
	at org.apache.tomcat.util.threads.TaskThread$WrappingRunnable.run(TaskThread.java:61)
	at java.lang.Thread.run(Unknown Source)
Caused by: com.mysql.cj.exceptions.CJCommunicationsException: Communications link failure

The last packet sent successfully to the server was 0 milliseconds ago. The driver has not received any packets from the server.
	at sun.reflect.NativeConstructorAccessorImpl.newInstance0(Native Method)
	at sun.reflect.NativeConstructorAccessorImpl.newInstance(Unknown Source)
	at sun.reflect.DelegatingConstructorAccessorImpl.newInstance(Unknown Source)
	at java.lang.reflect.Constructor.newInstance(Unknown Source)
	at com.mysql.cj.exceptions.ExceptionFactory.createException(ExceptionFactory.java:61)
	at com.mysql.cj.exceptions.ExceptionFactory.createException(ExceptionFactory.java:105)
	at com.mysql.cj.exceptions.ExceptionFactory.createException(ExceptionFactory.java:151)
	at com.mysql.cj.exceptions.ExceptionFactory.createCommunicationsException(ExceptionFactory.java:167)
	at com.mysql.cj.protocol.a.NativeSocketConnection.connect(NativeSocketConnection.java:91)
	at com.mysql.cj.NativeSession.connect(NativeSession.java:152)
	at com.mysql.cj.jdbc.ConnectionImpl.connectOneTryOnly(ConnectionImpl.java:955)
	at com.mysql.cj.jdbc.ConnectionImpl.createNewIO(ConnectionImpl.java:825)
	... 92 common frames omitted
Caused by: java.net.ConnectException: Connection refused: connect
	at java.net.DualStackPlainSocketImpl.waitForConnect(Native Method)
	at java.net.DualStackPlainSocketImpl.socketConnect(Unknown Source)
	at java.net.AbstractPlainSocketImpl.doConnect(Unknown Source)
	at java.net.AbstractPlainSocketImpl.connectToAddress(Unknown Source)
	at java.net.AbstractPlainSocketImpl.connect(Unknown Source)
	at java.net.PlainSocketImpl.connect(Unknown Source)
	at java.net.SocksSocketImpl.connect(Unknown Source)
	at java.net.Socket.connect(Unknown Source)
	at com.mysql.cj.protocol.StandardSocketFactory.connect(StandardSocketFactory.java:155)
	at com.mysql.cj.protocol.a.NativeSocketConnection.connect(NativeSocketConnection.java:65)
	... 95 common frames omitted
298565 [DEBUG] 2019-12-18 14:58:12 [http-nio-8888-exec-7] org.mybatis.spring.SqlSessionUtils - Closing non transactional SqlSession [org.apache.ibatis.session.defaults.DefaultSqlSession@7b46a6b3]
298580 [ERROR] 2019-12-18 14:58:12 [http-nio-8888-exec-7] o.a.c.c.C.[.[.[.[dispatcherServlet] - Servlet.service() for servlet [dispatcherServlet] in context with path [] threw exception [Request processing failed; nested exception is org.mybatis.spring.MyBatisSystemException: nested exception is org.apache.ibatis.exceptions.PersistenceException: 
### Error querying database.  Cause: org.springframework.jdbc.CannotGetJdbcConnectionException: Failed to obtain JDBC Connection; nested exception is com.mysql.cj.jdbc.exceptions.CommunicationsException: Communications link failure

The last packet sent successfully to the server was 0 milliseconds ago. The driver has not received any packets from the server.
### The error may exist in file [C:\Users\DeHaoWang\Downloads\studentChooseCourse-master\studentChooseCourse-master\target\classes\mapper\UserMapper.xml]
### The error may involve com.example.demo.mapper.UserMapper.login
### The error occurred while executing a query
### Cause: org.springframework.jdbc.CannotGetJdbcConnectionException: Failed to obtain JDBC Connection; nested exception is com.mysql.cj.jdbc.exceptions.CommunicationsException: Communications link failure

The last packet sent successfully to the server was 0 milliseconds ago. The driver has not received any packets from the server.] with root cause
java.net.ConnectException: Connection refused: connect
	at java.net.DualStackPlainSocketImpl.waitForConnect(Native Method)
	at java.net.DualStackPlainSocketImpl.socketConnect(Unknown Source)
	at java.net.AbstractPlainSocketImpl.doConnect(Unknown Source)
	at java.net.AbstractPlainSocketImpl.connectToAddress(Unknown Source)
	at java.net.AbstractPlainSocketImpl.connect(Unknown Source)
	at java.net.PlainSocketImpl.connect(Unknown Source)
	at java.net.SocksSocketImpl.connect(Unknown Source)
	at java.net.Socket.connect(Unknown Source)
	at com.mysql.cj.protocol.StandardSocketFactory.connect(StandardSocketFactory.java:155)
	at com.mysql.cj.protocol.a.NativeSocketConnection.connect(NativeSocketConnection.java:65)
	at com.mysql.cj.NativeSession.connect(NativeSession.java:152)
	at com.mysql.cj.jdbc.ConnectionImpl.connectOneTryOnly(ConnectionImpl.java:955)
	at com.mysql.cj.jdbc.ConnectionImpl.createNewIO(ConnectionImpl.java:825)
	at com.mysql.cj.jdbc.ConnectionImpl.<init>(ConnectionImpl.java:455)
	at com.mysql.cj.jdbc.ConnectionImpl.getInstance(ConnectionImpl.java:240)
	at com.mysql.cj.jdbc.NonRegisteringDriver.connect(NonRegisteringDriver.java:199)
	at com.zaxxer.hikari.util.DriverDataSource.getConnection(DriverDataSource.java:136)
	at com.zaxxer.hikari.pool.PoolBase.newConnection(PoolBase.java:369)
	at com.zaxxer.hikari.pool.PoolBase.newPoolEntry(PoolBase.java:198)
	at com.zaxxer.hikari.pool.HikariPool.createPoolEntry(HikariPool.java:467)
	at com.zaxxer.hikari.pool.HikariPool.checkFailFast(HikariPool.java:541)
	at com.zaxxer.hikari.pool.HikariPool.<init>(HikariPool.java:115)
	at com.zaxxer.hikari.HikariDataSource.getConnection(HikariDataSource.java:112)
	at org.springframework.jdbc.datasource.DataSourceUtils.fetchConnection(DataSourceUtils.java:157)
	at org.springframework.jdbc.datasource.DataSourceUtils.doGetConnection(DataSourceUtils.java:115)
	at org.springframework.jdbc.datasource.DataSourceUtils.getConnection(DataSourceUtils.java:78)
	at org.mybatis.spring.transaction.SpringManagedTransaction.openConnection(SpringManagedTransaction.java:82)
	at org.mybatis.spring.transaction.SpringManagedTransaction.getConnection(SpringManagedTransaction.java:68)
	at org.apache.ibatis.executor.BaseExecutor.getConnection(BaseExecutor.java:336)
	at org.apache.ibatis.executor.SimpleExecutor.prepareStatement(SimpleExecutor.java:85)
	at org.apache.ibatis.executor.SimpleExecutor.doQuery(SimpleExecutor.java:62)
	at org.apache.ibatis.executor.BaseExecutor.queryFromDatabase(BaseExecutor.java:324)
	at org.apache.ibatis.executor.BaseExecutor.query(BaseExecutor.java:156)
	at org.apache.ibatis.executor.CachingExecutor.query(CachingExecutor.java:109)
	at org.apache.ibatis.executor.CachingExecutor.query(CachingExecutor.java:83)
	at org.apache.ibatis.session.defaults.DefaultSqlSession.selectList(DefaultSqlSession.java:148)
	at org.apache.ibatis.session.defaults.DefaultSqlSession.selectList(DefaultSqlSession.java:141)
	at org.apache.ibatis.session.defaults.DefaultSqlSession.selectOne(DefaultSqlSession.java:77)
	at sun.reflect.NativeMethodAccessorImpl.invoke0(Native Method)
	at sun.reflect.NativeMethodAccessorImpl.invoke(Unknown Source)
	at sun.reflect.DelegatingMethodAccessorImpl.invoke(Unknown Source)
	at java.lang.reflect.Method.invoke(Unknown Source)
	at org.mybatis.spring.SqlSessionTemplate$SqlSessionInterceptor.invoke(SqlSessionTemplate.java:433)
	at com.sun.proxy.$Proxy58.selectOne(Unknown Source)
	at org.mybatis.spring.SqlSessionTemplate.selectOne(SqlSessionTemplate.java:166)
	at org.apache.ibatis.binding.MapperMethod.execute(MapperMethod.java:84)
	at org.apache.ibatis.binding.MapperProxy.invoke(MapperProxy.java:58)
	at com.sun.proxy.$Proxy66.login(Unknown Source)
	at com.example.demo.service.UserServiceImpl.login(UserServiceImpl.java:29)
	at com.example.demo.controller.UserController.login(UserController.java:58)
	at sun.reflect.NativeMethodAccessorImpl.invoke0(Native Method)
	at sun.reflect.NativeMethodAccessorImpl.invoke(Unknown Source)
	at sun.reflect.DelegatingMethodAccessorImpl.invoke(Unknown Source)
	at java.lang.reflect.Method.invoke(Unknown Source)
	at org.springframework.web.method.support.InvocableHandlerMethod.doInvoke(InvocableHandlerMethod.java:189)
	at org.springframework.web.method.support.InvocableHandlerMethod.invokeForRequest(InvocableHandlerMethod.java:138)
	at org.springframework.web.servlet.mvc.method.annotation.ServletInvocableHandlerMethod.invokeAndHandle(ServletInvocableHandlerMethod.java:102)
	at org.springframework.web.servlet.mvc.method.annotation.RequestMappingHandlerAdapter.invokeHandlerMethod(RequestMappingHandlerAdapter.java:895)
	at org.springframework.web.servlet.mvc.method.annotation.RequestMappingHandlerAdapter.handleInternal(RequestMappingHandlerAdapter.java:800)
	at org.springframework.web.servlet.mvc.method.AbstractHandlerMethodAdapter.handle(AbstractHandlerMethodAdapter.java:87)
	at org.springframework.web.servlet.DispatcherServlet.doDispatch(DispatcherServlet.java:1038)
	at org.springframework.web.servlet.DispatcherServlet.doService(DispatcherServlet.java:942)
	at org.springframework.web.servlet.FrameworkServlet.processRequest(FrameworkServlet.java:1005)
	at org.springframework.web.servlet.FrameworkServlet.doPost(FrameworkServlet.java:908)
	at javax.servlet.http.HttpServlet.service(HttpServlet.java:660)
	at org.springframework.web.servlet.FrameworkServlet.service(FrameworkServlet.java:882)
	at javax.servlet.http.HttpServlet.service(HttpServlet.java:741)
	at org.apache.catalina.core.ApplicationFilterChain.internalDoFilter(ApplicationFilterChain.java:231)
	at org.apache.catalina.core.ApplicationFilterChain.doFilter(ApplicationFilterChain.java:166)
	at org.apache.tomcat.websocket.server.WsFilter.doFilter(WsFilter.java:53)
	at org.apache.catalina.core.ApplicationFilterChain.internalDoFilter(ApplicationFilterChain.java:193)
	at org.apache.catalina.core.ApplicationFilterChain.doFilter(ApplicationFilterChain.java:166)
	at org.springframework.web.filter.RequestContextFilter.doFilterInternal(RequestContextFilter.java:99)
	at org.springframework.web.filter.OncePerRequestFilter.doFilter(OncePerRequestFilter.java:107)
	at org.apache.catalina.core.ApplicationFilterChain.internalDoFilter(ApplicationFilterChain.java:193)
	at org.apache.catalina.core.ApplicationFilterChain.doFilter(ApplicationFilterChain.java:166)
	at org.springframework.web.filter.FormContentFilter.doFilterInternal(FormContentFilter.java:92)
	at org.springframework.web.filter.OncePerRequestFilter.doFilter(OncePerRequestFilter.java:107)
	at org.apache.catalina.core.ApplicationFilterChain.internalDoFilter(ApplicationFilterChain.java:193)
	at org.apache.catalina.core.ApplicationFilterChain.doFilter(ApplicationFilterChain.java:166)
	at org.springframework.web.filter.HiddenHttpMethodFilter.doFilterInternal(HiddenHttpMethodFilter.java:93)
	at org.springframework.web.filter.OncePerRequestFilter.doFilter(OncePerRequestFilter.java:107)
	at org.apache.catalina.core.ApplicationFilterChain.internalDoFilter(ApplicationFilterChain.java:193)
	at org.apache.catalina.core.ApplicationFilterChain.doFilter(ApplicationFilterChain.java:166)
	at org.springframework.web.filter.CharacterEncodingFilter.doFilterInternal(CharacterEncodingFilter.java:200)
	at org.springframework.web.filter.OncePerRequestFilter.doFilter(OncePerRequestFilter.java:107)
	at org.apache.catalina.core.ApplicationFilterChain.internalDoFilter(ApplicationFilterChain.java:193)
	at org.apache.catalina.core.ApplicationFilterChain.doFilter(ApplicationFilterChain.java:166)
	at org.apache.catalina.core.StandardWrapperValve.invoke(StandardWrapperValve.java:200)
	at org.apache.catalina.core.StandardContextValve.invoke(StandardContextValve.java:96)
	at org.apache.catalina.authenticator.AuthenticatorBase.invoke(AuthenticatorBase.java:490)
	at org.apache.catalina.core.StandardHostValve.invoke(StandardHostValve.java:139)
	at org.apache.catalina.valves.ErrorReportValve.invoke(ErrorReportValve.java:92)
	at org.apache.catalina.core.StandardEngineValve.invoke(StandardEngineValve.java:74)
	at org.apache.catalina.valves.RemoteIpValve.invoke(RemoteIpValve.java:679)
	at org.apache.catalina.connector.CoyoteAdapter.service(CoyoteAdapter.java:343)
	at org.apache.coyote.http11.Http11Processor.service(Http11Processor.java:408)
	at org.apache.coyote.AbstractProcessorLight.process(AbstractProcessorLight.java:66)
	at org.apache.coyote.AbstractProtocol$ConnectionHandler.process(AbstractProtocol.java:834)
	at org.apache.tomcat.util.net.NioEndpoint$SocketProcessor.doRun(NioEndpoint.java:1415)
	at org.apache.tomcat.util.net.SocketProcessorBase.run(SocketProcessorBase.java:49)
	at java.util.concurrent.ThreadPoolExecutor.runWorker(Unknown Source)
	at java.util.concurrent.ThreadPoolExecutor$Worker.run(Unknown Source)
	at org.apache.tomcat.util.threads.TaskThread$WrappingRunnable.run(TaskThread.java:61)
	at java.lang.Thread.run(Unknown Source)
312556 [DEBUG] 2019-12-18 14:58:26 [http-nio-8888-exec-3] org.mybatis.spring.SqlSessionUtils - Creating a new SqlSession
312557 [DEBUG] 2019-12-18 14:58:26 [http-nio-8888-exec-3] org.mybatis.spring.SqlSessionUtils - SqlSession [org.apache.ibatis.session.defaults.DefaultSqlSession@672ab4e0] was not registered for synchronization because synchronization is not active
312557 [INFO ] 2019-12-18 14:58:26 [http-nio-8888-exec-3] com.zaxxer.hikari.HikariDataSource - HikariPool-1 - Starting...
317583 [ERROR] 2019-12-18 14:58:31 [http-nio-8888-exec-3] com.zaxxer.hikari.pool.HikariPool - HikariPool-1 - Exception during pool initialization.
com.mysql.cj.jdbc.exceptions.CommunicationsException: Communications link failure

The last packet sent successfully to the server was 0 milliseconds ago. The driver has not received any packets from the server.
	at com.mysql.cj.jdbc.exceptions.SQLError.createCommunicationsException(SQLError.java:174)
	at com.mysql.cj.jdbc.exceptions.SQLExceptionsMapping.translateException(SQLExceptionsMapping.java:64)
	at com.mysql.cj.jdbc.ConnectionImpl.createNewIO(ConnectionImpl.java:835)
	at com.mysql.cj.jdbc.ConnectionImpl.<init>(ConnectionImpl.java:455)
	at com.mysql.cj.jdbc.ConnectionImpl.getInstance(ConnectionImpl.java:240)
	at com.mysql.cj.jdbc.NonRegisteringDriver.connect(NonRegisteringDriver.java:199)
	at com.zaxxer.hikari.util.DriverDataSource.getConnection(DriverDataSource.java:136)
	at com.zaxxer.hikari.pool.PoolBase.newConnection(PoolBase.java:369)
	at com.zaxxer.hikari.pool.PoolBase.newPoolEntry(PoolBase.java:198)
	at com.zaxxer.hikari.pool.HikariPool.createPoolEntry(HikariPool.java:467)
	at com.zaxxer.hikari.pool.HikariPool.checkFailFast(HikariPool.java:541)
	at com.zaxxer.hikari.pool.HikariPool.<init>(HikariPool.java:115)
	at com.zaxxer.hikari.HikariDataSource.getConnection(HikariDataSource.java:112)
	at org.springframework.jdbc.datasource.DataSourceUtils.fetchConnection(DataSourceUtils.java:157)
	at org.springframework.jdbc.datasource.DataSourceUtils.doGetConnection(DataSourceUtils.java:115)
	at org.springframework.jdbc.datasource.DataSourceUtils.getConnection(DataSourceUtils.java:78)
	at org.mybatis.spring.transaction.SpringManagedTransaction.openConnection(SpringManagedTransaction.java:82)
	at org.mybatis.spring.transaction.SpringManagedTransaction.getConnection(SpringManagedTransaction.java:68)
	at org.apache.ibatis.executor.BaseExecutor.getConnection(BaseExecutor.java:336)
	at org.apache.ibatis.executor.SimpleExecutor.prepareStatement(SimpleExecutor.java:85)
	at org.apache.ibatis.executor.SimpleExecutor.doUpdate(SimpleExecutor.java:49)
	at org.apache.ibatis.executor.BaseExecutor.update(BaseExecutor.java:117)
	at org.apache.ibatis.executor.CachingExecutor.update(CachingExecutor.java:76)
	at org.apache.ibatis.session.defaults.DefaultSqlSession.update(DefaultSqlSession.java:198)
	at org.apache.ibatis.session.defaults.DefaultSqlSession.insert(DefaultSqlSession.java:185)
	at sun.reflect.NativeMethodAccessorImpl.invoke0(Native Method)
	at sun.reflect.NativeMethodAccessorImpl.invoke(Unknown Source)
	at sun.reflect.DelegatingMethodAccessorImpl.invoke(Unknown Source)
	at java.lang.reflect.Method.invoke(Unknown Source)
	at org.mybatis.spring.SqlSessionTemplate$SqlSessionInterceptor.invoke(SqlSessionTemplate.java:433)
	at com.sun.proxy.$Proxy58.insert(Unknown Source)
	at org.mybatis.spring.SqlSessionTemplate.insert(SqlSessionTemplate.java:278)
	at org.apache.ibatis.binding.MapperMethod.execute(MapperMethod.java:59)
	at org.apache.ibatis.binding.MapperProxy.invoke(MapperProxy.java:58)
	at com.sun.proxy.$Proxy66.insertUsers(Unknown Source)
	at com.example.demo.service.UserServiceImpl.insertUsers(UserServiceImpl.java:22)
	at com.example.demo.controller.UserController.register(UserController.java:40)
	at sun.reflect.NativeMethodAccessorImpl.invoke0(Native Method)
	at sun.reflect.NativeMethodAccessorImpl.invoke(Unknown Source)
	at sun.reflect.DelegatingMethodAccessorImpl.invoke(Unknown Source)
	at java.lang.reflect.Method.invoke(Unknown Source)
	at org.springframework.web.method.support.InvocableHandlerMethod.doInvoke(InvocableHandlerMethod.java:189)
	at org.springframework.web.method.support.InvocableHandlerMethod.invokeForRequest(InvocableHandlerMethod.java:138)
	at org.springframework.web.servlet.mvc.method.annotation.ServletInvocableHandlerMethod.invokeAndHandle(ServletInvocableHandlerMethod.java:102)
	at org.springframework.web.servlet.mvc.method.annotation.RequestMappingHandlerAdapter.invokeHandlerMethod(RequestMappingHandlerAdapter.java:895)
	at org.springframework.web.servlet.mvc.method.annotation.RequestMappingHandlerAdapter.handleInternal(RequestMappingHandlerAdapter.java:800)
	at org.springframework.web.servlet.mvc.method.AbstractHandlerMethodAdapter.handle(AbstractHandlerMethodAdapter.java:87)
	at org.springframework.web.servlet.DispatcherServlet.doDispatch(DispatcherServlet.java:1038)
	at org.springframework.web.servlet.DispatcherServlet.doService(DispatcherServlet.java:942)
	at org.springframework.web.servlet.FrameworkServlet.processRequest(FrameworkServlet.java:1005)
	at org.springframework.web.servlet.FrameworkServlet.doPost(FrameworkServlet.java:908)
	at javax.servlet.http.HttpServlet.service(HttpServlet.java:660)
	at org.springframework.web.servlet.FrameworkServlet.service(FrameworkServlet.java:882)
	at javax.servlet.http.HttpServlet.service(HttpServlet.java:741)
	at org.apache.catalina.core.ApplicationFilterChain.internalDoFilter(ApplicationFilterChain.java:231)
	at org.apache.catalina.core.ApplicationFilterChain.doFilter(ApplicationFilterChain.java:166)
	at org.apache.tomcat.websocket.server.WsFilter.doFilter(WsFilter.java:53)
	at org.apache.catalina.core.ApplicationFilterChain.internalDoFilter(ApplicationFilterChain.java:193)
	at org.apache.catalina.core.ApplicationFilterChain.doFilter(ApplicationFilterChain.java:166)
	at org.springframework.web.filter.RequestContextFilter.doFilterInternal(RequestContextFilter.java:99)
	at org.springframework.web.filter.OncePerRequestFilter.doFilter(OncePerRequestFilter.java:107)
	at org.apache.catalina.core.ApplicationFilterChain.internalDoFilter(ApplicationFilterChain.java:193)
	at org.apache.catalina.core.ApplicationFilterChain.doFilter(ApplicationFilterChain.java:166)
	at org.springframework.web.filter.FormContentFilter.doFilterInternal(FormContentFilter.java:92)
	at org.springframework.web.filter.OncePerRequestFilter.doFilter(OncePerRequestFilter.java:107)
	at org.apache.catalina.core.ApplicationFilterChain.internalDoFilter(ApplicationFilterChain.java:193)
	at org.apache.catalina.core.ApplicationFilterChain.doFilter(ApplicationFilterChain.java:166)
	at org.springframework.web.filter.HiddenHttpMethodFilter.doFilterInternal(HiddenHttpMethodFilter.java:93)
	at org.springframework.web.filter.OncePerRequestFilter.doFilter(OncePerRequestFilter.java:107)
	at org.apache.catalina.core.ApplicationFilterChain.internalDoFilter(ApplicationFilterChain.java:193)
	at org.apache.catalina.core.ApplicationFilterChain.doFilter(ApplicationFilterChain.java:166)
	at org.springframework.web.filter.CharacterEncodingFilter.doFilterInternal(CharacterEncodingFilter.java:200)
	at org.springframework.web.filter.OncePerRequestFilter.doFilter(OncePerRequestFilter.java:107)
	at org.apache.catalina.core.ApplicationFilterChain.internalDoFilter(ApplicationFilterChain.java:193)
	at org.apache.catalina.core.ApplicationFilterChain.doFilter(ApplicationFilterChain.java:166)
	at org.apache.catalina.core.StandardWrapperValve.invoke(StandardWrapperValve.java:200)
	at org.apache.catalina.core.StandardContextValve.invoke(StandardContextValve.java:96)
	at org.apache.catalina.authenticator.AuthenticatorBase.invoke(AuthenticatorBase.java:490)
	at org.apache.catalina.core.StandardHostValve.invoke(StandardHostValve.java:139)
	at org.apache.catalina.valves.ErrorReportValve.invoke(ErrorReportValve.java:92)
	at org.apache.catalina.core.StandardEngineValve.invoke(StandardEngineValve.java:74)
	at org.apache.catalina.valves.RemoteIpValve.invoke(RemoteIpValve.java:679)
	at org.apache.catalina.connector.CoyoteAdapter.service(CoyoteAdapter.java:343)
	at org.apache.coyote.http11.Http11Processor.service(Http11Processor.java:408)
	at org.apache.coyote.AbstractProcessorLight.process(AbstractProcessorLight.java:66)
	at org.apache.coyote.AbstractProtocol$ConnectionHandler.process(AbstractProtocol.java:834)
	at org.apache.tomcat.util.net.NioEndpoint$SocketProcessor.doRun(NioEndpoint.java:1415)
	at org.apache.tomcat.util.net.SocketProcessorBase.run(SocketProcessorBase.java:49)
	at java.util.concurrent.ThreadPoolExecutor.runWorker(Unknown Source)
	at java.util.concurrent.ThreadPoolExecutor$Worker.run(Unknown Source)
	at org.apache.tomcat.util.threads.TaskThread$WrappingRunnable.run(TaskThread.java:61)
	at java.lang.Thread.run(Unknown Source)
Caused by: com.mysql.cj.exceptions.CJCommunicationsException: Communications link failure

The last packet sent successfully to the server was 0 milliseconds ago. The driver has not received any packets from the server.
	at sun.reflect.NativeConstructorAccessorImpl.newInstance0(Native Method)
	at sun.reflect.NativeConstructorAccessorImpl.newInstance(Unknown Source)
	at sun.reflect.DelegatingConstructorAccessorImpl.newInstance(Unknown Source)
	at java.lang.reflect.Constructor.newInstance(Unknown Source)
	at com.mysql.cj.exceptions.ExceptionFactory.createException(ExceptionFactory.java:61)
	at com.mysql.cj.exceptions.ExceptionFactory.createException(ExceptionFactory.java:105)
	at com.mysql.cj.exceptions.ExceptionFactory.createException(ExceptionFactory.java:151)
	at com.mysql.cj.exceptions.ExceptionFactory.createCommunicationsException(ExceptionFactory.java:167)
	at com.mysql.cj.protocol.a.NativeSocketConnection.connect(NativeSocketConnection.java:91)
	at com.mysql.cj.NativeSession.connect(NativeSession.java:152)
	at com.mysql.cj.jdbc.ConnectionImpl.connectOneTryOnly(ConnectionImpl.java:955)
	at com.mysql.cj.jdbc.ConnectionImpl.createNewIO(ConnectionImpl.java:825)
	... 89 common frames omitted
Caused by: java.net.ConnectException: Connection refused: connect
	at java.net.DualStackPlainSocketImpl.waitForConnect(Native Method)
	at java.net.DualStackPlainSocketImpl.socketConnect(Unknown Source)
	at java.net.AbstractPlainSocketImpl.doConnect(Unknown Source)
	at java.net.AbstractPlainSocketImpl.connectToAddress(Unknown Source)
	at java.net.AbstractPlainSocketImpl.connect(Unknown Source)
	at java.net.PlainSocketImpl.connect(Unknown Source)
	at java.net.SocksSocketImpl.connect(Unknown Source)
	at java.net.Socket.connect(Unknown Source)
	at com.mysql.cj.protocol.StandardSocketFactory.connect(StandardSocketFactory.java:155)
	at com.mysql.cj.protocol.a.NativeSocketConnection.connect(NativeSocketConnection.java:65)
	... 92 common frames omitted
317585 [DEBUG] 2019-12-18 14:58:31 [http-nio-8888-exec-3] org.mybatis.spring.SqlSessionUtils - Closing non transactional SqlSession [org.apache.ibatis.session.defaults.DefaultSqlSession@672ab4e0]
